17-Dec-2014 14:13:31-spikesort-Starting...
17-Dec-2014 14:13:33-spikesort-Could not connect to update server.
17-Dec-2014 14:13:43-spikesort-Starting...
17-Dec-2014 14:13:43-spikesort-Could not connect to update server.
17-Dec-2014 14:16:19-spikesort-Starting...
17-Dec-2014 14:18:14-spikesort-Starting...
17-Dec-2014 14:20:10-spikesort-Starting...
17-Dec-2014 14:20:24-spikesort-Starting...
17-Dec-2014 14:20:38-spikesort-Loading file:/local-data/DA-paper/ChR2/good-neuron//2014_12_12_CS_22A_ChR2_F2_ab3_3_LED_test.mat
17-Dec-2014 14:21:12-spikesort-Need to filter data...
17-Dec-2014 14:21:12-spikesort-need to find spikes...
17-Dec-2014 14:21:12-spikesort-no spikes...
17-Dec-2014 14:21:12-spikesort-Not autosorting spikes
17-Dec-2014 14:21:13-spikesort-Moving directly to trial:4
17-Dec-2014 14:21:13-spikesort-Need to filter data...
17-Dec-2014 14:21:13-spikesort-need to find spikes...
17-Dec-2014 14:21:13-spikesort-no spikes...
17-Dec-2014 14:21:14-spikesort-Not autosorting spikes
17-Dec-2014 14:21:17-spikesort-Rejecting point: Y exceeded
17-Dec-2014 14:21:34-spikesort-Need to filter data...
17-Dec-2014 14:21:34-spikesort-need to find spikes...
17-Dec-2014 14:21:34-spikesort-no spikes...
17-Dec-2014 14:21:34-spikesort-Not autosorting spikes
17-Dec-2014 14:21:52-spikesort-Need to filter data...
17-Dec-2014 14:21:52-spikesort-need to find spikes...
17-Dec-2014 14:21:52-spikesort-no spikes...
17-Dec-2014 14:21:52-spikesort-Autosorting spikes...
17-Dec-2014 14:21:53-spikesort-Next trial
17-Dec-2014 14:21:53-spikesort-Need to filter data...
17-Dec-2014 14:21:53-spikesort-need to find spikes...
17-Dec-2014 14:21:54-spikesort-no spikes...
17-Dec-2014 14:21:54-spikesort-Autosorting spikes...
17-Dec-2014 14:21:58-spikesort-Need to filter data...
17-Dec-2014 14:21:58-spikesort-need to find spikes...
17-Dec-2014 14:21:58-spikesort-spikes is at least this paradigm long
17-Dec-2014 14:21:58-spikesort-spike matrix is suff. wide.
17-Dec-2014 14:21:58-spikesort-no spikes case 397
17-Dec-2014 14:22:03-spikesort-Need to filter data...
17-Dec-2014 14:22:03-spikesort-need to find spikes...
17-Dec-2014 14:22:03-spikesort-spikes is at least this paradigm long
17-Dec-2014 14:22:03-spikesort-spike matrix is suff. wide.
17-Dec-2014 14:22:03-spikesort-no spikes case 397
17-Dec-2014 14:22:03-spikesort-No need to autosort
17-Dec-2014 14:22:12-spikesort-Need to filter data...
17-Dec-2014 14:22:12-spikesort-need to find spikes...
17-Dec-2014 14:22:12-spikesort-spikes is at least this paradigm long
17-Dec-2014 14:22:12-spikesort-spike matrix is suff. wide.
17-Dec-2014 14:22:12-spikesort-no spikes case 397
17-Dec-2014 14:22:12-spikesort-No need to autosort
17-Dec-2014 14:23:02-spikesort-Starting...
17-Dec-2014 14:23:02-spikesort-Could not connect to update server.
17-Dec-2014 14:23:08-spikesort-Loading file:/local-data/DA-paper/ChR2/good-neuron//2014_12_12_CS_22A_ChR2_F1_ab3_4_LED_test.mat
17-Dec-2014 14:23:11-spikesort-Need to filter data...
17-Dec-2014 14:23:11-spikesort-need to find spikes...
17-Dec-2014 14:23:11-spikesort-spikes is at least this paradigm long
17-Dec-2014 14:23:11-spikesort-spike matrix is suff. wide.
17-Dec-2014 14:23:11-spikesort-Have spikes. showing them.
17-Dec-2014 14:23:13-spikesort-Need to filter data...
17-Dec-2014 14:23:13-spikesort-need to find spikes...
17-Dec-2014 14:23:13-spikesort-spikes is at least this paradigm long
17-Dec-2014 14:23:13-spikesort-spike matrix is suff. wide.
17-Dec-2014 14:23:13-spikesort-Have spikes. showing them.
17-Dec-2014 14:23:51-spikesort-Starting...
17-Dec-2014 14:23:56-spikesort-Loading file:/local-data/DA-paper/ChR2/good-neuron//2014_12_12_CS_22A_ChR2_F2_ab3_3_LED_test.mat
17-Dec-2014 14:24:02-spikesort-Need to filter data...
17-Dec-2014 14:24:02-spikesort-need to find spikes...
17-Dec-2014 14:24:02-spikesort-no spikes...
17-Dec-2014 14:24:02-spikesort-Not autosorting spikes
17-Dec-2014 14:24:37-spikesort-Next trial
17-Dec-2014 14:24:37-spikesort-Need to filter data...
17-Dec-2014 14:24:37-spikesort-need to find spikes...
17-Dec-2014 14:24:37-spikesort-spikes is at least this paradigm long
17-Dec-2014 14:24:37-spikesort-spikes exists, but not for this trial
17-Dec-2014 14:24:39-spikesort-Next trial
17-Dec-2014 14:24:39-spikesort-Need to filter data...
17-Dec-2014 14:24:39-spikesort-need to find spikes...
17-Dec-2014 14:24:40-spikesort-spikes is at least this paradigm long
17-Dec-2014 14:24:40-spikesort-spikes exists, but not for this trial
17-Dec-2014 14:24:42-spikesort-Next trial
17-Dec-2014 14:24:42-spikesort-Need to filter data...
17-Dec-2014 14:24:42-spikesort-need to find spikes...
17-Dec-2014 14:24:42-spikesort-spikes is at least this paradigm long
17-Dec-2014 14:24:42-spikesort-spikes exists, but not for this trial
17-Dec-2014 14:24:47-spikesort-Need to filter data...
17-Dec-2014 14:24:47-spikesort-need to find spikes...
17-Dec-2014 14:24:48-spikesort-spikes is at least this paradigm long
17-Dec-2014 14:24:48-spikesort-spike matrix is suff. wide.
17-Dec-2014 14:24:48-spikesort-no spikes case 397
17-Dec-2014 14:24:48-spikesort-No need to autosort
17-Dec-2014 14:25:06-spikesort-Need to filter data...
17-Dec-2014 14:25:06-spikesort-need to find spikes...
17-Dec-2014 14:25:06-spikesort-spikes is at least this paradigm long
17-Dec-2014 14:25:06-spikesort-spike matrix is suff. wide.
17-Dec-2014 14:25:06-spikesort-Have spikes. showing them.
17-Dec-2014 14:25:14-spikesort-Next trial
17-Dec-2014 14:25:14-spikesort-Need to filter data...
17-Dec-2014 14:25:14-spikesort-need to find spikes...
17-Dec-2014 14:25:14-spikesort-spikes is at least this paradigm long
17-Dec-2014 14:25:14-spikesort-spikes exists, but not for this trial
17-Dec-2014 14:25:14-spikesort-No need to autosort
17-Dec-2014 14:25:25-spikesort-Need to filter data...
17-Dec-2014 14:25:25-spikesort-need to find spikes...
17-Dec-2014 14:25:25-spikesort-spikes is at least this paradigm long
17-Dec-2014 14:25:25-spikesort-spike matrix is suff. wide.
17-Dec-2014 14:25:25-spikesort-Have spikes. showing them.
17-Dec-2014 14:25:27-spikesort-Need to filter data...
17-Dec-2014 14:25:27-spikesort-need to find spikes...
17-Dec-2014 14:25:28-spikesort-spikes is at least this paradigm long
17-Dec-2014 14:25:28-spikesort-spike matrix is suff. wide.
17-Dec-2014 14:25:28-spikesort-no spikes case 397
17-Dec-2014 14:25:28-spikesort-No need to autosort
17-Dec-2014 14:25:31-spikesort-Next trial
17-Dec-2014 14:25:31-spikesort-Need to filter data...
17-Dec-2014 14:25:31-spikesort-need to find spikes...
17-Dec-2014 14:25:31-spikesort-spikes is at least this paradigm long
17-Dec-2014 14:25:31-spikesort-spike matrix is suff. wide.
17-Dec-2014 14:25:31-spikesort-Have spikes. showing them.
17-Dec-2014 14:25:33-spikesort-Previous trial
17-Dec-2014 14:25:33-spikesort-Need to filter data...
17-Dec-2014 14:25:33-spikesort-need to find spikes...
17-Dec-2014 14:25:33-spikesort-spikes is at least this paradigm long
17-Dec-2014 14:25:33-spikesort-spike matrix is suff. wide.
17-Dec-2014 14:25:33-spikesort-no spikes case 397
17-Dec-2014 14:25:36-spikesort-Next trial
17-Dec-2014 14:25:36-spikesort-Need to filter data...
17-Dec-2014 14:25:36-spikesort-need to find spikes...
17-Dec-2014 14:25:36-spikesort-spikes is at least this paradigm long
17-Dec-2014 14:25:36-spikesort-spike matrix is suff. wide.
17-Dec-2014 14:25:36-spikesort-Have spikes. showing them.
17-Dec-2014 14:25:37-spikesort-Need to filter data...
17-Dec-2014 14:25:38-spikesort-need to find spikes...
17-Dec-2014 14:25:38-spikesort-spikes is at least this paradigm long
17-Dec-2014 14:25:38-spikesort-spike matrix is suff. wide.
17-Dec-2014 14:25:38-spikesort-no spikes case 397
17-Dec-2014 14:25:41-spikesort-Next trial
17-Dec-2014 14:25:41-spikesort-Need to filter data...
17-Dec-2014 14:25:41-spikesort-need to find spikes...
17-Dec-2014 14:25:41-spikesort-spikes is at least this paradigm long
17-Dec-2014 14:25:41-spikesort-spikes exists, but not for this trial
17-Dec-2014 14:25:43-spikesort-Next trial
17-Dec-2014 14:25:43-spikesort-Need to filter data...
17-Dec-2014 14:25:43-spikesort-need to find spikes...
17-Dec-2014 14:25:43-spikesort-spikes is at least this paradigm long
17-Dec-2014 14:25:43-spikesort-spikes exists, but not for this trial
17-Dec-2014 14:25:45-spikesort-Next trial
17-Dec-2014 14:25:45-spikesort-Need to filter data...
17-Dec-2014 14:25:45-spikesort-need to find spikes...
17-Dec-2014 14:25:46-spikesort-spikes is at least this paradigm long
17-Dec-2014 14:25:46-spikesort-spikes exists, but not for this trial
17-Dec-2014 14:25:51-spikesort-Need to filter data...
17-Dec-2014 14:25:51-spikesort-need to find spikes...
17-Dec-2014 14:25:51-spikesort-spikes is at least this paradigm long
17-Dec-2014 14:25:51-spikesort-spikes exists, but not for this trial
17-Dec-2014 14:25:51-spikesort-No need to autosort
17-Dec-2014 14:25:57-spikesort-Need to filter data...
17-Dec-2014 14:25:57-spikesort-need to find spikes...
17-Dec-2014 14:25:57-spikesort-spikes is at least this paradigm long
17-Dec-2014 14:25:57-spikesort-spikes exists, but not for this trial
17-Dec-2014 14:26:05-spikesort-Next trial
17-Dec-2014 14:26:05-spikesort-Need to filter data...
17-Dec-2014 14:26:05-spikesort-need to find spikes...
17-Dec-2014 14:26:05-spikesort-spikes is at least this paradigm long
17-Dec-2014 14:26:05-spikesort-spikes exists, but not for this trial
17-Dec-2014 14:26:07-spikesort-Next trial
17-Dec-2014 14:26:07-spikesort-Need to filter data...
17-Dec-2014 14:26:07-spikesort-need to find spikes...
17-Dec-2014 14:26:07-spikesort-spikes is at least this paradigm long
17-Dec-2014 14:26:07-spikesort-spikes exists, but not for this trial
17-Dec-2014 14:26:09-spikesort-Next trial
17-Dec-2014 14:26:09-spikesort-Need to filter data...
17-Dec-2014 14:26:09-spikesort-need to find spikes...
17-Dec-2014 14:26:09-spikesort-spikes is at least this paradigm long
17-Dec-2014 14:26:09-spikesort-spikes exists, but not for this trial
17-Dec-2014 14:26:11-spikesort-Next trial
17-Dec-2014 14:26:11-spikesort-Need to filter data...
17-Dec-2014 14:26:11-spikesort-need to find spikes...
17-Dec-2014 14:26:11-spikesort-spikes is at least this paradigm long
17-Dec-2014 14:26:11-spikesort-spikes exists, but not for this trial
17-Dec-2014 14:26:14-spikesort-Need to filter data...
17-Dec-2014 14:26:14-spikesort-need to find spikes...
17-Dec-2014 14:26:14-spikesort-spikes is at least this paradigm long
17-Dec-2014 14:26:14-spikesort-spikes exists, but not for this trial
17-Dec-2014 14:26:19-spikesort-Need to filter data...
17-Dec-2014 14:26:19-spikesort-need to find spikes...
17-Dec-2014 14:26:19-spikesort-spikes is at least this paradigm long
17-Dec-2014 14:26:19-spikesort-spike matrix is suff. wide.
17-Dec-2014 14:26:19-spikesort-no spikes case 397
17-Dec-2014 14:26:24-spikesort-Need to filter data...
17-Dec-2014 14:26:24-spikesort-need to find spikes...
17-Dec-2014 14:26:24-spikesort-spikes is at least this paradigm long
17-Dec-2014 14:26:24-spikesort-spike matrix is suff. wide.
17-Dec-2014 14:26:24-spikesort-no spikes case 397
17-Dec-2014 14:26:24-spikesort-No need to autosort
17-Dec-2014 14:26:26-spikesort-Next trial
17-Dec-2014 14:26:26-spikesort-Need to filter data...
17-Dec-2014 14:26:26-spikesort-need to find spikes...
17-Dec-2014 14:26:26-spikesort-spikes is at least this paradigm long
17-Dec-2014 14:26:26-spikesort-spikes exists, but not for this trial
17-Dec-2014 14:26:26-spikesort-No need to autosort
17-Dec-2014 14:26:30-spikesort-Next trial
17-Dec-2014 14:26:30-spikesort-Need to filter data...
17-Dec-2014 14:26:30-spikesort-need to find spikes...
17-Dec-2014 14:26:30-spikesort-spikes is at least this paradigm long
17-Dec-2014 14:26:30-spikesort-spikes exists, but not for this trial
17-Dec-2014 14:26:35-spikesort-Next trial
17-Dec-2014 14:26:35-spikesort-Need to filter data...
17-Dec-2014 14:26:35-spikesort-need to find spikes...
17-Dec-2014 14:26:35-spikesort-spikes is at least this paradigm long
17-Dec-2014 14:26:35-spikesort-spikes exists, but not for this trial
17-Dec-2014 14:26:42-spikesort-Need to filter data...
17-Dec-2014 14:26:42-spikesort-need to find spikes...
17-Dec-2014 14:26:42-spikesort-spikes is at least this paradigm long
17-Dec-2014 14:26:42-spikesort-spike matrix is suff. wide.
17-Dec-2014 14:26:42-spikesort-Have spikes. showing them.
17-Dec-2014 14:26:52-spikesort-Starting...
17-Dec-2014 14:26:58-spikesort-Loading file:/local-data/DA-paper/ChR2/good-neuron//2014_12_12_CS_22A_ChR2_F2_ab3_3_LED_test.mat
17-Dec-2014 14:27:02-spikesort-Need to filter data...
17-Dec-2014 14:27:02-spikesort-need to find spikes...
17-Dec-2014 14:27:02-spikesort-spikes is at least this paradigm long
17-Dec-2014 14:27:02-spikesort-spike matrix is suff. wide.
17-Dec-2014 14:27:02-spikesort-Have spikes. showing them.
